<testsuites id="" name="" tests="30" failures="0" skipped="0" errors="0" time="8.154058">
<testsuite name="basic.spec.js" timestamp="2025-07-09T18:45:39.341Z" hostname="chromium" tests="6" failures="0" skipped="0" time="4.2" errors="0">
<testcase name="Basic Functionality Tests › Homepage loads successfully" classname="basic.spec.js" time="0.714">
</testcase>
<testcase name="Basic Functionality Tests › PWA manifest is accessible" classname="basic.spec.js" time="0.367">
</testcase>
<testcase name="Basic Functionality Tests › Service Worker support" classname="basic.spec.js" time="0.667">
</testcase>
<testcase name="Basic Functionality Tests › Mobile responsiveness" classname="basic.spec.js" time="0.59">
</testcase>
<testcase name="Basic Functionality Tests › Performance check" classname="basic.spec.js" time="1.113">
</testcase>
<testcase name="Basic Functionality Tests › Basic login flow" classname="basic.spec.js" time="0.749">
</testcase>
</testsuite>
<testsuite name="basic.spec.js" timestamp="2025-07-09T18:45:39.341Z" hostname="firefox" tests="6" failures="0" skipped="0" time="8.628" errors="0">
<testcase name="Basic Functionality Tests › Homepage loads successfully" classname="basic.spec.js" time="1.481">
</testcase>
<testcase name="Basic Functionality Tests › PWA manifest is accessible" classname="basic.spec.js" time="0.883">
</testcase>
<testcase name="Basic Functionality Tests › Service Worker support" classname="basic.spec.js" time="1.288">
</testcase>
<testcase name="Basic Functionality Tests › Mobile responsiveness" classname="basic.spec.js" time="1.501">
</testcase>
<testcase name="Basic Functionality Tests › Performance check" classname="basic.spec.js" time="1.897">
</testcase>
<testcase name="Basic Functionality Tests › Basic login flow" classname="basic.spec.js" time="1.578">
</testcase>
</testsuite>
<testsuite name="basic.spec.js" timestamp="2025-07-09T18:45:39.341Z" hostname="webkit" tests="6" failures="0" skipped="0" time="5.386" errors="0">
<testcase name="Basic Functionality Tests › Homepage loads successfully" classname="basic.spec.js" time="0.865">
</testcase>
<testcase name="Basic Functionality Tests › PWA manifest is accessible" classname="basic.spec.js" time="0.71">
</testcase>
<testcase name="Basic Functionality Tests › Service Worker support" classname="basic.spec.js" time="0.752">
</testcase>
<testcase name="Basic Functionality Tests › Mobile responsiveness" classname="basic.spec.js" time="0.66">
</testcase>
<testcase name="Basic Functionality Tests › Performance check" classname="basic.spec.js" time="1.283">
</testcase>
<testcase name="Basic Functionality Tests › Basic login flow" classname="basic.spec.js" time="1.116">
</testcase>
</testsuite>
<testsuite name="basic.spec.js" timestamp="2025-07-09T18:45:39.341Z" hostname="Mobile Chrome" tests="6" failures="0" skipped="0" time="4.76" errors="0">
<testcase name="Basic Functionality Tests › Homepage loads successfully" classname="basic.spec.js" time="0.777">
</testcase>
<testcase name="Basic Functionality Tests › PWA manifest is accessible" classname="basic.spec.js" time="0.411">
</testcase>
<testcase name="Basic Functionality Tests › Service Worker support" classname="basic.spec.js" time="0.747">
</testcase>
<testcase name="Basic Functionality Tests › Mobile responsiveness" classname="basic.spec.js" time="0.785">
</testcase>
<testcase name="Basic Functionality Tests › Performance check" classname="basic.spec.js" time="1.244">
</testcase>
<testcase name="Basic Functionality Tests › Basic login flow" classname="basic.spec.js" time="0.796">
</testcase>
</testsuite>
<testsuite name="basic.spec.js" timestamp="2025-07-09T18:45:39.341Z" hostname="Mobile Safari" tests="6" failures="0" skipped="0" time="4.939" errors="0">
<testcase name="Basic Functionality Tests › Homepage loads successfully" classname="basic.spec.js" time="0.951">
</testcase>
<testcase name="Basic Functionality Tests › PWA manifest is accessible" classname="basic.spec.js" time="0.416">
</testcase>
<testcase name="Basic Functionality Tests › Service Worker support" classname="basic.spec.js" time="0.712">
</testcase>
<testcase name="Basic Functionality Tests › Mobile responsiveness" classname="basic.spec.js" time="0.651">
</testcase>
<testcase name="Basic Functionality Tests › Performance check" classname="basic.spec.js" time="1.197">
</testcase>
<testcase name="Basic Functionality Tests › Basic login flow" classname="basic.spec.js" time="1.012">
</testcase>
</testsuite>
</testsuites>